<?xml version="1.0" encoding="UTF-8"?>
<!-- Generated by org.testng.reporters.JUnitReportReporter -->
<testsuite hostname="Smruti" failures="0" tests="6" name="com.wu.automation.runners.TestRunner" time="178.608" errors="0" timestamp="2025-03-27T16:32:03 EET" skipped="0">
  <testcase classname="com.wu.automation.runners.TestRunner" name="runScenario" time="6.596"/>
  <testcase classname="com.wu.automation.runners.TestRunner" name="runScenario" time="40.489"/>
  <testcase classname="com.wu.automation.runners.TestRunner" name="runScenario" time="22.291"/>
  <testcase classname="com.wu.automation.runners.TestRunner" name="runScenario" time="63.006"/>
  <testcase classname="com.wu.automation.runners.TestRunner" name="runScenario" time="43.543"/>
  <testcase classname="com.wu.automation.runners.TestRunner" name="runScenario" time="2.683"/>
</testsuite> <!-- com.wu.automation.runners.TestRunner -->
